<!doctype html>
<html lang="">
<head>
    <meta charset="UTF-8">
    <meta name="viewport"
          content="width=device-width, user-scalable=no, initial-scale=1.0, maximum-scale=1.0, minimum-scale=1.0">
    <meta http-equiv="X-UA-Compatible" content="ie=edge">
    <title>Test Results Report - J:/3. automation testing/day36 ---full CUCUMBER BDD(framework), passingvaluesjustlikeenviromentvariabelinpostman/Assignment answer/com.restfullbooker/src/test/java</title>

    <link href="reportng.css" rel="stylesheet" type="text/css"/>
</head>
<body>
<div id="meta">
Generated by <a href="http://www.testng.org" target="_blank">TestNG</a> with <a href="https://github.com/testng-team/reportng" target="_blank">ReportNG</a>
at 08:22 IST on Friday 09 February 2024
    <br/><span
    id="systemInfo">sumit@PRITAM-PC&nbsp;/&nbsp;Java 11.0.14 (Oracle Corporation)&nbsp;/&nbsp;Windows 10 10.0 (amd64)</span>
</div>
<h1>J:/3. automation testing/day36 ---full CUCUMBER BDD(framework), passingvaluesjustlikeenviromentvariabelinpostman/Assignment answer/com.restfullbooker/src/test/java</h1>

<p>
    <a href="index.html">Suites</a>
        &#183; <a href="output.html">Log Output</a>
</p>

<p>Test duration
    : 38.340s</p>


    <table class="resultsTable">
        <tr>
            <th colspan="3" class="header failed">Failed Tests</th>
        </tr>
            <tr>
                <td class="group" colspan="3">org.restfullbooker.runner.Runner</td>
            </tr>
    <tr>
        <td class="method">
                <span class="description" title="Runs Cucumber Scenarios">
                    runScenario
                </span>
        </td>
        <td class="duration">
            6.102s
        </td>
        <td class="result">
            <!-- Display the dependencies for skipped test methods -->

                <i>Method arguments: </i>
                <span class="arguments">
                    "Delete request", "Task_2_positive"
                </span>
                <br/>

            <!-- Show logger output for the test -->

                <a href="javascript:toggleElement('exception-0', 'block')"
                   title="Click to expand/collapse">
                    <b>java.lang.AssertionError: <br/>
Expected: is &lt;204&gt;<br/>
&nbsp;&nbsp;&nbsp;&nbsp; but: was &lt;405&gt;</b>
                </a>
                <br/>
                <div class="stackTrace" id="exception-0">
                        org.hamcrest.MatcherAssert.assertThat(MatcherAssert.java:20)<br/>
                        org.hamcrest.MatcherAssert.assertThat(MatcherAssert.java:6)<br/>
                        org.restfullbooker.task.task_2_positive.RestfullBookerRequestDeleteUserOne.verify_response_five_status_code(RestfullBookerRequestDeleteUserOne.java:185)<br/>
                        ✽.verify responseFive status code &quot;204&quot;(file:///J:/3.%20automation%20testing/day36%20---full%20CUCUMBER%20BDD(framework),%20passingvaluesjustlikeenviromentvariabelinpostman/Assignment%20answer/com.restfullbooker/src/test/resource/featurefiles/RestfullBookerPositive1testCase.feature:7)<br/>
                </div>
        </td>
    </tr>
    <tr>
        <td class="method">
                <span class="description" title="Runs Cucumber Scenarios">
                    runScenario
                </span>
        </td>
        <td class="duration">
            0.230s
        </td>
        <td class="result">
            <!-- Display the dependencies for skipped test methods -->

                <i>Method arguments: </i>
                <span class="arguments">
                    "Delete request", "Task_4_positive"
                </span>
                <br/>

            <!-- Show logger output for the test -->

                <a href="javascript:toggleElement('exception-1', 'block')"
                   title="Click to expand/collapse">
                    <b>io.cucumber.testng.UndefinedStepException: The step &apos;delete bookingid&nbsp; urlEleven &quot;https://restful-booker.herokuapp.com/booking&quot;&apos; and 2 other step(s) are undefined.<br/>
You can implement these steps using the snippet(s) below:<br/>
<br/>
@Given(&quot;delete bookingid&nbsp; urlEleven {string}&quot;)<br/>
public void delete_bookingid_url_eleven(String string) {<br/>
&nbsp;&nbsp;&nbsp; // Write code here that turns the phrase above into concrete actions<br/>
&nbsp;&nbsp;&nbsp; throw new io.cucumber.java.PendingException();<br/>
}<br/>
@Then(&quot;verify responseEleven status code {string}&quot;)<br/>
public void verify_response_eleven_status_code(String string) {<br/>
&nbsp;&nbsp;&nbsp; // Write code here that turns the phrase above into concrete actions<br/>
&nbsp;&nbsp;&nbsp; throw new io.cucumber.java.PendingException();<br/>
}<br/>
@Then(&quot;verify responseEleven contains header content type&quot;)<br/>
public void verify_response_eleven_contains_header_content_type() {<br/>
&nbsp;&nbsp;&nbsp; // Write code here that turns the phrase above into concrete actions<br/>
&nbsp;&nbsp;&nbsp; throw new io.cucumber.java.PendingException();<br/>
}<br/>
</b>
                </a>
                <br/>
                <div class="stackTrace" id="exception-1">
                        io.cucumber.core.runtime.TestCaseResultObserver.assertTestCasePassed(TestCaseResultObserver.java:69)<br/>
                        io.cucumber.testng.TestCaseResultObserver.assertTestCasePassed(TestCaseResultObserver.java:23)<br/>
                        io.cucumber.testng.TestNGCucumberRunner.lambda$runScenario$1(TestNGCucumberRunner.java:133)<br/>
                        io.cucumber.core.runtime.CucumberExecutionContext.lambda$runTestCase$5(CucumberExecutionContext.java:137)<br/>
                        io.cucumber.core.runtime.RethrowingThrowableCollector.executeAndThrow(RethrowingThrowableCollector.java:23)<br/>
                        io.cucumber.core.runtime.CucumberExecutionContext.runTestCase(CucumberExecutionContext.java:137)<br/>
                        io.cucumber.testng.TestNGCucumberRunner.runScenario(TestNGCucumberRunner.java:129)<br/>
                        io.cucumber.testng.AbstractTestNGCucumberTests.runScenario(AbstractTestNGCucumberTests.java:35)<br/>
                        java.base/jdk.internal.reflect.NativeMethodAccessorImpl.invoke0(Native Method)<br/>
                        java.base/jdk.internal.reflect.NativeMethodAccessorImpl.invoke(NativeMethodAccessorImpl.java:62)<br/>
                        java.base/jdk.internal.reflect.DelegatingMethodAccessorImpl.invoke(DelegatingMethodAccessorImpl.java:43)<br/>
                        java.base/java.lang.reflect.Method.invoke(Method.java:566)<br/>
                        org.testng.internal.invokers.MethodInvocationHelper.invokeMethod(MethodInvocationHelper.java:139)<br/>
                        org.testng.internal.invokers.TestInvoker.invokeMethod(TestInvoker.java:664)<br/>
                        org.testng.internal.invokers.TestInvoker.invokeTestMethod(TestInvoker.java:227)<br/>
                        org.testng.internal.invokers.MethodRunner.runInSequence(MethodRunner.java:50)<br/>
                        org.testng.internal.invokers.TestInvoker$MethodInvocationAgent.invoke(TestInvoker.java:957)<br/>
                        org.testng.internal.invokers.TestInvoker.invokeTestMethods(TestInvoker.java:200)<br/>
                        org.testng.internal.invokers.TestMethodWorker.invokeTestMethods(TestMethodWorker.java:148)<br/>
                        org.testng.internal.invokers.TestMethodWorker.run(TestMethodWorker.java:128)<br/>
                        java.base/java.util.ArrayList.forEach(ArrayList.java:1541)<br/>
                        org.testng.TestRunner.privateRun(TestRunner.java:848)<br/>
                        org.testng.TestRunner.run(TestRunner.java:621)<br/>
                        org.testng.SuiteRunner.runTest(SuiteRunner.java:443)<br/>
                        org.testng.SuiteRunner.runSequentially(SuiteRunner.java:437)<br/>
                        org.testng.SuiteRunner.privateRun(SuiteRunner.java:397)<br/>
                        org.testng.SuiteRunner.run(SuiteRunner.java:336)<br/>
                        org.testng.SuiteRunnerWorker.runSuite(SuiteRunnerWorker.java:52)<br/>
                        org.testng.SuiteRunnerWorker.run(SuiteRunnerWorker.java:95)<br/>
                        org.testng.TestNG.runSuitesSequentially(TestNG.java:1280)<br/>
                        org.testng.TestNG.runSuitesLocally(TestNG.java:1200)<br/>
                        org.testng.TestNG.runSuites(TestNG.java:1114)<br/>
                        org.testng.TestNG.run(TestNG.java:1082)<br/>
                        com.intellij.rt.testng.IDEARemoteTestNG.run(IDEARemoteTestNG.java:66)<br/>
                        com.intellij.rt.testng.RemoteTestNGStarter.main(RemoteTestNGStarter.java:105)<br/>
                </div>
        </td>
    </tr>
    <tr>
        <td class="method">
                <span class="description" title="Runs Cucumber Scenarios">
                    runScenario
                </span>
        </td>
        <td class="duration">
            4.617s
        </td>
        <td class="result">
            <!-- Display the dependencies for skipped test methods -->

                <i>Method arguments: </i>
                <span class="arguments">
                    "Post request to create booking", "Task_4_positive"
                </span>
                <br/>

            <!-- Show logger output for the test -->

                <a href="javascript:toggleElement('exception-2', 'block')"
                   title="Click to expand/collapse">
                    <b>java.lang.IllegalArgumentException: Cookie name cannot be null</b>
                </a>
                <br/>
                <div class="stackTrace" id="exception-2">
                        java.base/jdk.internal.reflect.NativeConstructorAccessorImpl.newInstance0(Native Method)<br/>
                        java.base/jdk.internal.reflect.NativeConstructorAccessorImpl.newInstance(NativeConstructorAccessorImpl.java:62)<br/>
                        java.base/jdk.internal.reflect.DelegatingConstructorAccessorImpl.newInstance(DelegatingConstructorAccessorImpl.java:45)<br/>
                        java.base/java.lang.reflect.Constructor.newInstance(Constructor.java:490)<br/>
                        org.codehaus.groovy.reflection.CachedConstructor.invoke(CachedConstructor.java:73)<br/>
                        org.codehaus.groovy.reflection.CachedConstructor.doConstructorInvoke(CachedConstructor.java:60)<br/>
                        org.codehaus.groovy.runtime.callsite.ConstructorSite$ConstructorSiteNoUnwrap.callConstructor(ConstructorSite.java:86)<br/>
                        org.codehaus.groovy.runtime.callsite.CallSiteArray.defaultCallConstructor(CallSiteArray.java:57)<br/>
                        org.codehaus.groovy.runtime.callsite.AbstractCallSite.callConstructor(AbstractCallSite.java:263)<br/>
                        org.codehaus.groovy.runtime.callsite.AbstractCallSite.callConstructor(AbstractCallSite.java:277)<br/>
                        io.restassured.internal.common.assertion.AssertParameter.notNull(AssertParameter.groovy:26)<br/>
                        io.restassured.internal.common.assertion.AssertParameter$notNull.callStatic(Unknown Source)<br/>
                        org.codehaus.groovy.runtime.callsite.CallSiteArray.defaultCallStatic(CallSiteArray.java:53)<br/>
                        org.codehaus.groovy.runtime.callsite.AbstractCallSite.callStatic(AbstractCallSite.java:217)<br/>
                        org.codehaus.groovy.runtime.callsite.AbstractCallSite.callStatic(AbstractCallSite.java:240)<br/>
                        io.restassured.internal.RequestSpecificationImpl.cookie(RequestSpecificationImpl.groovy:921)<br/>
                        java.base/jdk.internal.reflect.NativeMethodAccessorImpl.invoke0(Native Method)<br/>
                        java.base/jdk.internal.reflect.NativeMethodAccessorImpl.invoke(NativeMethodAccessorImpl.java:62)<br/>
                        java.base/jdk.internal.reflect.DelegatingMethodAccessorImpl.invoke(DelegatingMethodAccessorImpl.java:43)<br/>
                        java.base/java.lang.reflect.Method.invoke(Method.java:566)<br/>
                        org.codehaus.groovy.reflection.CachedMethod.invoke(CachedMethod.java:343)<br/>
                        groovy.lang.MetaMethod.doMethodInvoke(MetaMethod.java:328)<br/>
                        groovy.lang.MetaClassImpl.doInvokeMethod(MetaClassImpl.java:1334)<br/>
                        groovy.lang.MetaClassImpl.invokeMethod(MetaClassImpl.java:1089)<br/>
                        groovy.lang.MetaClassImpl.invokeMethod(MetaClassImpl.java:1008)<br/>
                        groovy.lang.MetaClassImpl.invokeMethod(MetaClassImpl.java:791)<br/>
                        io.restassured.internal.RequestSpecificationImpl.invokeMethod(RequestSpecificationImpl.groovy)<br/>
                        org.codehaus.groovy.runtime.callsite.PogoInterceptableSite.call(PogoInterceptableSite.java:46)<br/>
                        org.codehaus.groovy.runtime.callsite.PogoInterceptableSite.callCurrent(PogoInterceptableSite.java:57)<br/>
                        org.codehaus.groovy.runtime.callsite.CallSiteArray.defaultCallCurrent(CallSiteArray.java:49)<br/>
                        org.codehaus.groovy.runtime.callsite.AbstractCallSite.callCurrent(AbstractCallSite.java:171)<br/>
                        org.codehaus.groovy.runtime.callsite.AbstractCallSite.callCurrent(AbstractCallSite.java:194)<br/>
                        io.restassured.internal.RequestSpecificationImpl.cookie(RequestSpecificationImpl.groovy:936)<br/>
                        org.restfullbooker.task.task_4_positive.RestFullBookerCreateBookingOne.get_payload_from_url_ten(RestFullBookerCreateBookingOne.java:149)<br/>
                        ✽.Get payload from urlTen &quot;https://restful-booker.herokuapp.com/booking&quot;(file:///J:/3.%20automation%20testing/day36%20---full%20CUCUMBER%20BDD(framework),%20passingvaluesjustlikeenviromentvariabelinpostman/Assignment%20answer/com.restfullbooker/src/test/resource/featurefiles/RestFullBookerPostive3testCases.feature:5)<br/>
                </div>
        </td>
    </tr>
    </table>


    <table class="resultsTable" width="100%">
        <tr>
            <th colspan="3" class="header passed">Passed Tests</th>
        </tr>
            <tr>
                <td class="group" colspan="3">org.restfullbooker.runner.Runner</td>
            </tr>
    <tr>
        <td class="method">
                <span class="description" title="Runs Cucumber Scenarios">
                    runScenario
                </span>
        </td>
        <td class="duration">
            2.058s
        </td>
        <td class="result">
            <!-- Display the dependencies for skipped test methods -->

                <i>Method arguments: </i>
                <span class="arguments">
                    "Put Request to update  booking", "Task_3_positive"
                </span>
                <br/>

            <!-- Show logger output for the test -->

        </td>
    </tr>
    <tr>
        <td class="method">
                <span class="description" title="Runs Cucumber Scenarios">
                    runScenario
                </span>
        </td>
        <td class="duration">
            6.752s
        </td>
        <td class="result">
            <!-- Display the dependencies for skipped test methods -->

                <i>Method arguments: </i>
                <span class="arguments">
                    "Get Request to get all booking", "Task_3_positive"
                </span>
                <br/>

            <!-- Show logger output for the test -->

        </td>
    </tr>
    <tr>
        <td class="method">
                <span class="description" title="Runs Cucumber Scenarios">
                    runScenario
                </span>
        </td>
        <td class="duration">
            2.404s
        </td>
        <td class="result">
            <!-- Display the dependencies for skipped test methods -->

                <i>Method arguments: </i>
                <span class="arguments">
                    "Get Request to get  bookingid", "Task_3_positive"
                </span>
                <br/>

            <!-- Show logger output for the test -->

        </td>
    </tr>
    <tr>
        <td class="method">
                <span class="description" title="Runs Cucumber Scenarios">
                    runScenario
                </span>
        </td>
        <td class="duration">
            2.583s
        </td>
        <td class="result">
            <!-- Display the dependencies for skipped test methods -->

                <i>Method arguments: </i>
                <span class="arguments">
                    "Post request to create booking", "Task_1_positive"
                </span>
                <br/>

            <!-- Show logger output for the test -->

        </td>
    </tr>
    <tr>
        <td class="method">
                <span class="description" title="Runs Cucumber Scenarios">
                    runScenario
                </span>
        </td>
        <td class="duration">
            3.668s
        </td>
        <td class="result">
            <!-- Display the dependencies for skipped test methods -->

                <i>Method arguments: </i>
                <span class="arguments">
                    "Get  request to get  booking", "Task_1_positive"
                </span>
                <br/>

            <!-- Show logger output for the test -->

        </td>
    </tr>
    <tr>
        <td class="method">
                <span class="description" title="Runs Cucumber Scenarios">
                    runScenario
                </span>
        </td>
        <td class="duration">
            2.692s
        </td>
        <td class="result">
            <!-- Display the dependencies for skipped test methods -->

                <i>Method arguments: </i>
                <span class="arguments">
                    "patch request  to update bookingName", "Task_1_positive"
                </span>
                <br/>

            <!-- Show logger output for the test -->

        </td>
    </tr>
    <tr>
        <td class="method">
                <span class="description" title="Runs Cucumber Scenarios">
                    runScenario
                </span>
        </td>
        <td class="duration">
            2.606s
        </td>
        <td class="result">
            <!-- Display the dependencies for skipped test methods -->

                <i>Method arguments: </i>
                <span class="arguments">
                    "Post request to create token", "Task_1_positive"
                </span>
                <br/>

            <!-- Show logger output for the test -->

        </td>
    </tr>
    <tr>
        <td class="method">
                <span class="description" title="Runs Cucumber Scenarios">
                    runScenario
                </span>
        </td>
        <td class="duration">
            1.653s
        </td>
        <td class="result">
            <!-- Display the dependencies for skipped test methods -->

                <i>Method arguments: </i>
                <span class="arguments">
                    "Get request for deleted user", "Task_2_positive"
                </span>
                <br/>

            <!-- Show logger output for the test -->

        </td>
    </tr>
    </table>

<script type="text/javascript" src="reportng.js"></script>
</body>
