<?xml version="1.0" encoding="UTF-8"?>
<testsuite name="J:\3. automation testing\day36 ---full CUCUMBER BDD(framework), passingvaluesjustlikeenviromentvariabelinpostman\Assignment answer\com.restfullbooker"
           tests="2"
           failures="1"
           errors="0"
           skipped="0"
           time="2.631">
    <properties></properties>

            <testcase
                name="runScenario"
                time="1.225"
                classname="org.restfullbooker.runner.Runner3">

            <failure type="java.lang.AssertionError" message="
Expected: is &lt;204&gt;
     but: was &lt;201&gt;">
                <![CDATA[java.lang.AssertionError: 
Expected: is <204>
     but: was <201>
                org.hamcrest.MatcherAssert.assertThat(MatcherAssert.java:20)org.hamcrest.MatcherAssert.assertThat(MatcherAssert.java:8)org.restfullbooker.task.task_4_positive.RestfullBookerDeleteBookingIdTwo.verify_response_eleven_status_code(RestfullBookerDeleteBookingIdTwo.java:168)✽.verify responseEleven status code "204"(file:///C:/Users/amit/Desktop/Screenshots/github%20and%20c%20and%20c++%20and%20sdet%20java/RestFullBookerCucumberFramework-Automation-Testing-Assignment/src/test/resource/featurefiles/RestFullBookerPostivetestCases_04.feature:21)
]]>
            </failure>
    </testcase>


            <testcase
                name="runScenario"
                time="1.406"
                classname="org.restfullbooker.runner.Runner3">
            </testcase>
</testsuite>
