<?xml version="1.0" encoding="UTF-8"?>
<testsuite name="J:\3. automation testing\day36 ---full CUCUMBER BDD(framework), passingvaluesjustlikeenviromentvariabelinpostman\Assignment answer\com.restfullbooker"
           tests="2"
           failures="1"
           errors="0"
           skipped="0"
           time="3.833">
    <properties></properties>

            <testcase
                name="runScenario"
                time="1.658"
                classname="org.restfullbooker.runner.Runner1">

            <failure type="java.lang.AssertionError" message="
Expected: is &lt;204&gt;
     but: was &lt;201&gt;">
                <![CDATA[java.lang.AssertionError: 
Expected: is <204>
     but: was <201>
                org.hamcrest.MatcherAssert.assertThat(MatcherAssert.java:20)org.hamcrest.MatcherAssert.assertThat(MatcherAssert.java:6)org.restfullbooker.task.task_2_positive.RestfullBookerRequestDeleteUserOne.verify_response_five_status_code(RestfullBookerRequestDeleteUserOne.java:185)✽.verify responseFive status code "204"(file:///J:/3.%20automation%20testing/day36%20---full%20CUCUMBER%20BDD(framework),%20passingvaluesjustlikeenviromentvariabelinpostman/Assignment%20answer/com.restfullbooker/src/test/resource/featurefiles/RestfullBookerPositivetestCase_02.feature:7)
]]>
            </failure>
    </testcase>


            <testcase
                name="runScenario"
                time="2.175"
                classname="org.restfullbooker.runner.Runner1">
            </testcase>
</testsuite>
