<?xml version="1.0" encoding="UTF-8"?>
<testsuite name="J:/3. automation testing/day36 ---full CUCUMBER BDD(framework), passingvaluesjustlikeenviromentvariabelinpostman/Assignment answer/com.restfullbooker/src/test/java/org/restfullbooker/task_1_positive/_1_createtoken"
           tests="5"
           failures="5"
           errors="0"
           skipped="0"
           time="1.266">
    <properties></properties>

            <testcase
                name="resfullBoookerResponseIsThere"
                time="0.590"
                classname="org.restfullbooker.task_1_positive._1_createtoken.RestFullBookerRequestCreateTokenURLTestCases">

            <failure type="java.lang.NullPointerException" message="(null)">
                <![CDATA[java.lang.NullPointerException
                org.restfullbooker.task_1_positive._1_createtoken.RestFullBookerRequestCreateTokenURLTestCases.resfullBoookerResponseIsThere(RestFullBookerRequestTokenURL.java:89)java.base/jdk.internal.reflect.NativeMethodAccessorImpl.invoke0(Native Method)java.base/jdk.internal.reflect.NativeMethodAccessorImpl.invoke(NativeMethodAccessorImpl.java:62)java.base/jdk.internal.reflect.DelegatingMethodAccessorImpl.invoke(DelegatingMethodAccessorImpl.java:43)java.base/java.lang.reflect.Method.invoke(Method.java:566)org.testng.internal.invokers.MethodInvocationHelper.invokeMethod(MethodInvocationHelper.java:139)org.testng.internal.invokers.TestInvoker.invokeMethod(TestInvoker.java:664)org.testng.internal.invokers.TestInvoker.invokeTestMethod(TestInvoker.java:227)org.testng.internal.invokers.MethodRunner.runInSequence(MethodRunner.java:50)org.testng.internal.invokers.TestInvoker$MethodInvocationAgent.invoke(TestInvoker.java:957)org.testng.internal.invokers.TestInvoker.invokeTestMethods(TestInvoker.java:200)org.testng.internal.invokers.TestMethodWorker.invokeTestMethods(TestMethodWorker.java:148)org.testng.internal.invokers.TestMethodWorker.run(TestMethodWorker.java:128)java.base/java.util.ArrayList.forEach(ArrayList.java:1541)org.testng.TestRunner.privateRun(TestRunner.java:848)org.testng.TestRunner.run(TestRunner.java:621)org.testng.SuiteRunner.runTest(SuiteRunner.java:443)org.testng.SuiteRunner.runSequentially(SuiteRunner.java:437)org.testng.SuiteRunner.privateRun(SuiteRunner.java:397)org.testng.SuiteRunner.run(SuiteRunner.java:336)org.testng.SuiteRunnerWorker.runSuite(SuiteRunnerWorker.java:52)org.testng.SuiteRunnerWorker.run(SuiteRunnerWorker.java:95)org.testng.TestNG.runSuitesSequentially(TestNG.java:1280)org.testng.TestNG.runSuitesLocally(TestNG.java:1200)org.testng.TestNG.runSuites(TestNG.java:1114)org.testng.TestNG.run(TestNG.java:1082)com.intellij.rt.testng.IDEARemoteTestNG.run(IDEARemoteTestNG.java:66)com.intellij.rt.testng.RemoteTestNGStarter.main(RemoteTestNGStarter.java:105)
]]>
            </failure>
    </testcase>
            <testcase
                name="resfullBoookerTokenHeaderContentType"
                time="0.008"
                classname="org.restfullbooker.task_1_positive._1_createtoken.RestFullBookerRequestCreateTokenURLTestCases">

            <failure type="java.lang.NullPointerException" message="(null)">
                <![CDATA[java.lang.NullPointerException
                org.restfullbooker.task_1_positive._1_createtoken.RestFullBookerRequestCreateTokenURLTestCases.resfullBoookerTokenHeaderContentType(RestFullBookerRequestTokenURL.java:181)java.base/jdk.internal.reflect.NativeMethodAccessorImpl.invoke0(Native Method)java.base/jdk.internal.reflect.NativeMethodAccessorImpl.invoke(NativeMethodAccessorImpl.java:62)java.base/jdk.internal.reflect.DelegatingMethodAccessorImpl.invoke(DelegatingMethodAccessorImpl.java:43)java.base/java.lang.reflect.Method.invoke(Method.java:566)org.testng.internal.invokers.MethodInvocationHelper.invokeMethod(MethodInvocationHelper.java:139)org.testng.internal.invokers.TestInvoker.invokeMethod(TestInvoker.java:664)org.testng.internal.invokers.TestInvoker.invokeTestMethod(TestInvoker.java:227)org.testng.internal.invokers.MethodRunner.runInSequence(MethodRunner.java:50)org.testng.internal.invokers.TestInvoker$MethodInvocationAgent.invoke(TestInvoker.java:957)org.testng.internal.invokers.TestInvoker.invokeTestMethods(TestInvoker.java:200)org.testng.internal.invokers.TestMethodWorker.invokeTestMethods(TestMethodWorker.java:148)org.testng.internal.invokers.TestMethodWorker.run(TestMethodWorker.java:128)java.base/java.util.ArrayList.forEach(ArrayList.java:1541)org.testng.TestRunner.privateRun(TestRunner.java:848)org.testng.TestRunner.run(TestRunner.java:621)org.testng.SuiteRunner.runTest(SuiteRunner.java:443)org.testng.SuiteRunner.runSequentially(SuiteRunner.java:437)org.testng.SuiteRunner.privateRun(SuiteRunner.java:397)org.testng.SuiteRunner.run(SuiteRunner.java:336)org.testng.SuiteRunnerWorker.runSuite(SuiteRunnerWorker.java:52)org.testng.SuiteRunnerWorker.run(SuiteRunnerWorker.java:95)org.testng.TestNG.runSuitesSequentially(TestNG.java:1280)org.testng.TestNG.runSuitesLocally(TestNG.java:1200)org.testng.TestNG.runSuites(TestNG.java:1114)org.testng.TestNG.run(TestNG.java:1082)com.intellij.rt.testng.IDEARemoteTestNG.run(IDEARemoteTestNG.java:66)com.intellij.rt.testng.RemoteTestNGStarter.main(RemoteTestNGStarter.java:105)
]]>
            </failure>
    </testcase>
            <testcase
                name="resfullBoookerResponseContainToken"
                time="0.630"
                classname="org.restfullbooker.task_1_positive._1_createtoken.RestFullBookerRequestCreateTokenURLTestCases">

            <failure type="java.lang.NullPointerException" message="(null)">
                <![CDATA[java.lang.NullPointerException
                org.restfullbooker.task_1_positive._1_createtoken.RestFullBookerRequestCreateTokenURLTestCases.resfullBoookerResponseContainToken(RestFullBookerRequestTokenURL.java:104)java.base/jdk.internal.reflect.NativeMethodAccessorImpl.invoke0(Native Method)java.base/jdk.internal.reflect.NativeMethodAccessorImpl.invoke(NativeMethodAccessorImpl.java:62)java.base/jdk.internal.reflect.DelegatingMethodAccessorImpl.invoke(DelegatingMethodAccessorImpl.java:43)java.base/java.lang.reflect.Method.invoke(Method.java:566)org.testng.internal.invokers.MethodInvocationHelper.invokeMethod(MethodInvocationHelper.java:139)org.testng.internal.invokers.TestInvoker.invokeMethod(TestInvoker.java:664)org.testng.internal.invokers.TestInvoker.invokeTestMethod(TestInvoker.java:227)org.testng.internal.invokers.MethodRunner.runInSequence(MethodRunner.java:50)org.testng.internal.invokers.TestInvoker$MethodInvocationAgent.invoke(TestInvoker.java:957)org.testng.internal.invokers.TestInvoker.invokeTestMethods(TestInvoker.java:200)org.testng.internal.invokers.TestMethodWorker.invokeTestMethods(TestMethodWorker.java:148)org.testng.internal.invokers.TestMethodWorker.run(TestMethodWorker.java:128)java.base/java.util.ArrayList.forEach(ArrayList.java:1541)org.testng.TestRunner.privateRun(TestRunner.java:848)org.testng.TestRunner.run(TestRunner.java:621)org.testng.SuiteRunner.runTest(SuiteRunner.java:443)org.testng.SuiteRunner.runSequentially(SuiteRunner.java:437)org.testng.SuiteRunner.privateRun(SuiteRunner.java:397)org.testng.SuiteRunner.run(SuiteRunner.java:336)org.testng.SuiteRunnerWorker.runSuite(SuiteRunnerWorker.java:52)org.testng.SuiteRunnerWorker.run(SuiteRunnerWorker.java:95)org.testng.TestNG.runSuitesSequentially(TestNG.java:1280)org.testng.TestNG.runSuitesLocally(TestNG.java:1200)org.testng.TestNG.runSuites(TestNG.java:1114)org.testng.TestNG.run(TestNG.java:1082)com.intellij.rt.testng.IDEARemoteTestNG.run(IDEARemoteTestNG.java:66)com.intellij.rt.testng.RemoteTestNGStarter.main(RemoteTestNGStarter.java:105)
]]>
            </failure>
    </testcase>
            <testcase
                name="resfullBoookerTokenBodyToken"
                time="0.027"
                classname="org.restfullbooker.task_1_positive._1_createtoken.RestFullBookerRequestCreateTokenURLTestCases">

            <failure type="java.lang.NullPointerException" message="(null)">
                <![CDATA[java.lang.NullPointerException
                org.restfullbooker.task_1_positive._1_createtoken.RestFullBookerRequestCreateTokenURLTestCases.resfullBoookerTokenBodyToken(RestFullBookerRequestTokenURL.java:199)java.base/jdk.internal.reflect.NativeMethodAccessorImpl.invoke0(Native Method)java.base/jdk.internal.reflect.NativeMethodAccessorImpl.invoke(NativeMethodAccessorImpl.java:62)java.base/jdk.internal.reflect.DelegatingMethodAccessorImpl.invoke(DelegatingMethodAccessorImpl.java:43)java.base/java.lang.reflect.Method.invoke(Method.java:566)org.testng.internal.invokers.MethodInvocationHelper.invokeMethod(MethodInvocationHelper.java:139)org.testng.internal.invokers.TestInvoker.invokeMethod(TestInvoker.java:664)org.testng.internal.invokers.TestInvoker.invokeTestMethod(TestInvoker.java:227)org.testng.internal.invokers.MethodRunner.runInSequence(MethodRunner.java:50)org.testng.internal.invokers.TestInvoker$MethodInvocationAgent.invoke(TestInvoker.java:957)org.testng.internal.invokers.TestInvoker.invokeTestMethods(TestInvoker.java:200)org.testng.internal.invokers.TestMethodWorker.invokeTestMethods(TestMethodWorker.java:148)org.testng.internal.invokers.TestMethodWorker.run(TestMethodWorker.java:128)java.base/java.util.ArrayList.forEach(ArrayList.java:1541)org.testng.TestRunner.privateRun(TestRunner.java:848)org.testng.TestRunner.run(TestRunner.java:621)org.testng.SuiteRunner.runTest(SuiteRunner.java:443)org.testng.SuiteRunner.runSequentially(SuiteRunner.java:437)org.testng.SuiteRunner.privateRun(SuiteRunner.java:397)org.testng.SuiteRunner.run(SuiteRunner.java:336)org.testng.SuiteRunnerWorker.runSuite(SuiteRunnerWorker.java:52)org.testng.SuiteRunnerWorker.run(SuiteRunnerWorker.java:95)org.testng.TestNG.runSuitesSequentially(TestNG.java:1280)org.testng.TestNG.runSuitesLocally(TestNG.java:1200)org.testng.TestNG.runSuites(TestNG.java:1114)org.testng.TestNG.run(TestNG.java:1082)com.intellij.rt.testng.IDEARemoteTestNG.run(IDEARemoteTestNG.java:66)com.intellij.rt.testng.RemoteTestNGStarter.main(RemoteTestNGStarter.java:105)
]]>
            </failure>
    </testcase>
            <testcase
                name="resfullBoookerTokenBodyJsonSchema"
                time="0.011"
                classname="org.restfullbooker.task_1_positive._1_createtoken.RestFullBookerRequestCreateTokenURLTestCases">

            <failure type="java.lang.NullPointerException" message="(null)">
                <![CDATA[java.lang.NullPointerException
                org.restfullbooker.task_1_positive._1_createtoken.RestFullBookerRequestCreateTokenURLTestCases.resfullBoookerTokenBodyJsonSchema(RestFullBookerRequestTokenURL.java:231)java.base/jdk.internal.reflect.NativeMethodAccessorImpl.invoke0(Native Method)java.base/jdk.internal.reflect.NativeMethodAccessorImpl.invoke(NativeMethodAccessorImpl.java:62)java.base/jdk.internal.reflect.DelegatingMethodAccessorImpl.invoke(DelegatingMethodAccessorImpl.java:43)java.base/java.lang.reflect.Method.invoke(Method.java:566)org.testng.internal.invokers.MethodInvocationHelper.invokeMethod(MethodInvocationHelper.java:139)org.testng.internal.invokers.TestInvoker.invokeMethod(TestInvoker.java:664)org.testng.internal.invokers.TestInvoker.invokeTestMethod(TestInvoker.java:227)org.testng.internal.invokers.MethodRunner.runInSequence(MethodRunner.java:50)org.testng.internal.invokers.TestInvoker$MethodInvocationAgent.invoke(TestInvoker.java:957)org.testng.internal.invokers.TestInvoker.invokeTestMethods(TestInvoker.java:200)org.testng.internal.invokers.TestMethodWorker.invokeTestMethods(TestMethodWorker.java:148)org.testng.internal.invokers.TestMethodWorker.run(TestMethodWorker.java:128)java.base/java.util.ArrayList.forEach(ArrayList.java:1541)org.testng.TestRunner.privateRun(TestRunner.java:848)org.testng.TestRunner.run(TestRunner.java:621)org.testng.SuiteRunner.runTest(SuiteRunner.java:443)org.testng.SuiteRunner.runSequentially(SuiteRunner.java:437)org.testng.SuiteRunner.privateRun(SuiteRunner.java:397)org.testng.SuiteRunner.run(SuiteRunner.java:336)org.testng.SuiteRunnerWorker.runSuite(SuiteRunnerWorker.java:52)org.testng.SuiteRunnerWorker.run(SuiteRunnerWorker.java:95)org.testng.TestNG.runSuitesSequentially(TestNG.java:1280)org.testng.TestNG.runSuitesLocally(TestNG.java:1200)org.testng.TestNG.runSuites(TestNG.java:1114)org.testng.TestNG.run(TestNG.java:1082)com.intellij.rt.testng.IDEARemoteTestNG.run(IDEARemoteTestNG.java:66)com.intellij.rt.testng.RemoteTestNGStarter.main(RemoteTestNGStarter.java:105)
]]>
            </failure>
    </testcase>


</testsuite>
