<?xml version="1.0" encoding="UTF-8"?>
<testsuite name="J:\3. automation testing\day36 ---full CUCUMBER BDD(framework), passingvaluesjustlikeenviromentvariabelinpostman\Assignment answer\com.restfullbooker"
           tests="2"
           failures="0"
           errors="0"
           skipped="0"
           time="3.430">
    <properties></properties>



            <testcase
                name="runScenario"
                time="2.186"
                classname="org.restfullbooker.runner.Runner5">
            </testcase>
            <testcase
                name="runScenario"
                time="1.244"
                classname="org.restfullbooker.runner.Runner5">
            </testcase>
</testsuite>
