<?xml version="1.0" encoding="UTF-8"?>
<testsuite name="J:\3. automation testing\day36 ---full CUCUMBER BDD(framework), passingvaluesjustlikeenviromentvariabelinpostman\Assignment answer\com.restfullbooker"
           tests="1"
           failures="0"
           errors="0"
           skipped="0"
           time="8.486">
    <properties></properties>



            <testcase
                name="cucumberReport"
                time="8.486"
                classname="org.restfullbooker.Report.CucumberReport">
            </testcase>
</testsuite>
