<?xml version="1.0" encoding="UTF-8"?>
<testsuite name="J:\3. automation testing\day36 ---full CUCUMBER BDD(framework), passingvaluesjustlikeenviromentvariabelinpostman\Assignment answer\com.restfullbooker"
           tests="4"
           failures="0"
           errors="0"
           skipped="0"
           time="20.488">
    <properties></properties>



            <testcase
                name="runScenario"
                time="1.318"
                classname="org.restfullbooker.runner.Runner">
            </testcase>
            <testcase
                name="runScenario"
                time="16.130"
                classname="org.restfullbooker.runner.Runner">
            </testcase>
            <testcase
                name="runScenario"
                time="1.533"
                classname="org.restfullbooker.runner.Runner">
            </testcase>
            <testcase
                name="runScenario"
                time="1.507"
                classname="org.restfullbooker.runner.Runner">
            </testcase>
</testsuite>
