<?xml version="1.0" encoding="UTF-8"?>
<testsuite name="J:\3. automation testing\day36 ---full CUCUMBER BDD(framework), passingvaluesjustlikeenviromentvariabelinpostman\Assignment answer\com.restfullbooker"
           tests="2"
           failures="1"
           errors="0"
           skipped="0"
           time="2.577">
    <properties></properties>

            <testcase
                name="runScenario"
                time="1.287"
                classname="org.restfullbooker.runner.Runner4">

            <failure type="io.cucumber.java.PendingException" message="TODO: implement me">
                <![CDATA[io.cucumber.java.PendingException: TODO: implement me
                org.restfullbooker.task.task_5_negative.RestFullBookerWrongPayloadTwo.verify_response_thirteen_status_code(RestFullBookerWrongPayloadTwo.java:139)✽.verify responseThirteen status code  "500"(file:///C:/Users/amit/Desktop/Screenshots/github%20and%20c%20and%20c++%20and%20sdet%20java/RestFullBookerCucumberFramework-Automation-Testing-Assignment/src/test/resource/featurefiles/RestFullBookerPostivetestCases_05.feature:18)
]]>
            </failure>
    </testcase>


            <testcase
                name="runScenario"
                time="1.290"
                classname="org.restfullbooker.runner.Runner4">
            </testcase>
</testsuite>
