<?xml version="1.0" encoding="UTF-8"?>
<testsuite name="J:\3. automation testing\day36 ---full CUCUMBER BDD(framework), passingvaluesjustlikeenviromentvariabelinpostman\Assignment answer\com.restfullbooker"
           tests="4"
           failures="0"
           errors="0"
           skipped="0"
           time="25.257">
    <properties></properties>



            <testcase
                name="runScenario"
                time="20.689"
                classname="org.restfullbooker.runner.Runner">
            </testcase>
            <testcase
                name="runScenario"
                time="1.456"
                classname="org.restfullbooker.runner.Runner">
            </testcase>
            <testcase
                name="runScenario"
                time="1.566"
                classname="org.restfullbooker.runner.Runner">
            </testcase>
            <testcase
                name="runScenario"
                time="1.546"
                classname="org.restfullbooker.runner.Runner">
            </testcase>
</testsuite>
